<?xml version="1.0" encoding="UTF-8"?>
<testsuite xmlns:xsi="http://www.w3.org/2001/XMLSchema-instance" xsi:noNamespaceSchemaLocation="https://maven.apache.org/surefire/maven-surefire-plugin/xsd/surefire-test-report.xsd" name="org.cloud.driver.service.UserServiceTest" time="5.131" tests="1" errors="0" skipped="0" failures="0">
  <properties>
    <property name="sun.desktop" value="windows"/>
    <property name="awt.toolkit" value="sun.awt.windows.WToolkit"/>
    <property name="file.encoding.pkg" value="sun.io"/>
    <property name="java.specification.version" value="1.8"/>
    <property name="sun.cpu.isalist" value="amd64"/>
    <property name="sun.jnu.encoding" value="GBK"/>
    <property name="java.class.path" value="E:\JetBrains\IdeaProjects\CloudDriver\target\test-classes;E:\JetBrains\IdeaProjects\CloudDriver\target\classes;E:\maven\repository\org\springframework\boot\spring-boot-starter-aop\2.0.1.RELEASE\spring-boot-starter-aop-2.0.1.RELEASE.jar;E:\maven\repository\org\springframework\boot\spring-boot-starter\2.0.1.RELEASE\spring-boot-starter-2.0.1.RELEASE.jar;E:\maven\repository\org\springframework\boot\spring-boot\2.0.1.RELEASE\spring-boot-2.0.1.RELEASE.jar;E:\maven\repository\org\springframework\boot\spring-boot-autoconfigure\2.0.1.RELEASE\spring-boot-autoconfigure-2.0.1.RELEASE.jar;E:\maven\repository\org\springframework\boot\spring-boot-starter-logging\2.0.1.RELEASE\spring-boot-starter-logging-2.0.1.RELEASE.jar;E:\maven\repository\ch\qos\logback\logback-classic\1.2.3\logback-classic-1.2.3.jar;E:\maven\repository\ch\qos\logback\logback-core\1.2.3\logback-core-1.2.3.jar;E:\maven\repository\org\apache\logging\log4j\log4j-to-slf4j\2.10.0\log4j-to-slf4j-2.10.0.jar;E:\maven\repository\org\apache\logging\log4j\log4j-api\2.10.0\log4j-api-2.10.0.jar;E:\maven\repository\org\slf4j\jul-to-slf4j\1.7.25\jul-to-slf4j-1.7.25.jar;E:\maven\repository\javax\annotation\javax.annotation-api\1.3.2\javax.annotation-api-1.3.2.jar;E:\maven\repository\org\yaml\snakeyaml\1.19\snakeyaml-1.19.jar;E:\maven\repository\org\springframework\spring-aop\5.0.5.RELEASE\spring-aop-5.0.5.RELEASE.jar;E:\maven\repository\org\springframework\spring-beans\5.0.5.RELEASE\spring-beans-5.0.5.RELEASE.jar;E:\maven\repository\org\aspectj\aspectjweaver\1.8.13\aspectjweaver-1.8.13.jar;E:\maven\repository\org\springframework\boot\spring-boot-starter-web\2.0.1.RELEASE\spring-boot-starter-web-2.0.1.RELEASE.jar;E:\maven\repository\org\springframework\boot\spring-boot-starter-json\2.0.1.RELEASE\spring-boot-starter-json-2.0.1.RELEASE.jar;E:\maven\repository\com\fasterxml\jackson\datatype\jackson-datatype-jdk8\2.9.5\jackson-datatype-jdk8-2.9.5.jar;E:\maven\repository\com\fasterxml\jackson\datatype\jackson-datatype-jsr310\2.9.5\jackson-datatype-jsr310-2.9.5.jar;E:\maven\repository\com\fasterxml\jackson\module\jackson-module-parameter-names\2.9.5\jackson-module-parameter-names-2.9.5.jar;E:\maven\repository\org\springframework\boot\spring-boot-starter-tomcat\2.0.1.RELEASE\spring-boot-starter-tomcat-2.0.1.RELEASE.jar;E:\maven\repository\org\apache\tomcat\embed\tomcat-embed-core\8.5.29\tomcat-embed-core-8.5.29.jar;E:\maven\repository\org\apache\tomcat\embed\tomcat-embed-el\8.5.29\tomcat-embed-el-8.5.29.jar;E:\maven\repository\org\apache\tomcat\embed\tomcat-embed-websocket\8.5.29\tomcat-embed-websocket-8.5.29.jar;E:\maven\repository\org\hibernate\validator\hibernate-validator\6.0.9.Final\hibernate-validator-6.0.9.Final.jar;E:\maven\repository\javax\validation\validation-api\2.0.1.Final\validation-api-2.0.1.Final.jar;E:\maven\repository\org\jboss\logging\jboss-logging\3.3.2.Final\jboss-logging-3.3.2.Final.jar;E:\maven\repository\org\springframework\spring-web\5.0.5.RELEASE\spring-web-5.0.5.RELEASE.jar;E:\maven\repository\org\springframework\spring-webmvc\5.0.5.RELEASE\spring-webmvc-5.0.5.RELEASE.jar;E:\maven\repository\org\springframework\spring-context\5.0.5.RELEASE\spring-context-5.0.5.RELEASE.jar;E:\maven\repository\org\springframework\spring-expression\5.0.5.RELEASE\spring-expression-5.0.5.RELEASE.jar;E:\maven\repository\org\springframework\boot\spring-boot-starter-test\2.0.1.RELEASE\spring-boot-starter-test-2.0.1.RELEASE.jar;E:\maven\repository\org\springframework\boot\spring-boot-test\2.0.1.RELEASE\spring-boot-test-2.0.1.RELEASE.jar;E:\maven\repository\org\springframework\boot\spring-boot-test-autoconfigure\2.0.1.RELEASE\spring-boot-test-autoconfigure-2.0.1.RELEASE.jar;E:\maven\repository\com\jayway\jsonpath\json-path\2.4.0\json-path-2.4.0.jar;E:\maven\repository\net\minidev\json-smart\2.3\json-smart-2.3.jar;E:\maven\repository\net\minidev\accessors-smart\1.2\accessors-smart-1.2.jar;E:\maven\repository\org\ow2\asm\asm\5.0.4\asm-5.0.4.jar;E:\maven\repository\junit\junit\4.12\junit-4.12.jar;E:\maven\repository\org\assertj\assertj-core\3.9.1\assertj-core-3.9.1.jar;E:\maven\repository\org\mockito\mockito-core\2.15.0\mockito-core-2.15.0.jar;E:\maven\repository\net\bytebuddy\byte-buddy\1.7.11\byte-buddy-1.7.11.jar;E:\maven\repository\net\bytebuddy\byte-buddy-agent\1.7.11\byte-buddy-agent-1.7.11.jar;E:\maven\repository\org\objenesis\objenesis\2.6\objenesis-2.6.jar;E:\maven\repository\org\hamcrest\hamcrest-core\1.3\hamcrest-core-1.3.jar;E:\maven\repository\org\hamcrest\hamcrest-library\1.3\hamcrest-library-1.3.jar;E:\maven\repository\org\skyscreamer\jsonassert\1.5.0\jsonassert-1.5.0.jar;E:\maven\repository\com\vaadin\external\google\android-json\0.0.20131108.vaadin1\android-json-0.0.20131108.vaadin1.jar;E:\maven\repository\org\springframework\spring-core\5.0.5.RELEASE\spring-core-5.0.5.RELEASE.jar;E:\maven\repository\org\springframework\spring-jcl\5.0.5.RELEASE\spring-jcl-5.0.5.RELEASE.jar;E:\maven\repository\org\springframework\spring-test\5.0.5.RELEASE\spring-test-5.0.5.RELEASE.jar;E:\maven\repository\org\xmlunit\xmlunit-core\2.5.1\xmlunit-core-2.5.1.jar;E:\maven\repository\org\springframework\boot\spring-boot-starter-freemarker\2.0.1.RELEASE\spring-boot-starter-freemarker-2.0.1.RELEASE.jar;E:\maven\repository\org\freemarker\freemarker\2.3.28\freemarker-2.3.28.jar;E:\maven\repository\org\springframework\spring-context-support\5.0.5.RELEASE\spring-context-support-5.0.5.RELEASE.jar;E:\maven\repository\mysql\mysql-connector-java\5.1.46\mysql-connector-java-5.1.46.jar;E:\maven\repository\org\projectlombok\lombok\1.16.20\lombok-1.16.20.jar;E:\maven\repository\com\auth0\java-jwt\3.4.0\java-jwt-3.4.0.jar;E:\maven\repository\com\fasterxml\jackson\core\jackson-databind\2.9.5\jackson-databind-2.9.5.jar;E:\maven\repository\com\fasterxml\jackson\core\jackson-annotations\2.9.0\jackson-annotations-2.9.0.jar;E:\maven\repository\com\fasterxml\jackson\core\jackson-core\2.9.5\jackson-core-2.9.5.jar;E:\maven\repository\commons-codec\commons-codec\1.11\commons-codec-1.11.jar;E:\maven\repository\org\apache\commons\commons-email\1.5\commons-email-1.5.jar;E:\maven\repository\com\sun\mail\javax.mail\1.6.1\javax.mail-1.6.1.jar;E:\maven\repository\javax\activation\activation\1.1\activation-1.1.jar;E:\maven\repository\io\springfox\springfox-swagger2\2.5.0\springfox-swagger2-2.5.0.jar;E:\maven\repository\io\swagger\swagger-annotations\1.5.9\swagger-annotations-1.5.9.jar;E:\maven\repository\io\swagger\swagger-models\1.5.9\swagger-models-1.5.9.jar;E:\maven\repository\io\springfox\springfox-spi\2.5.0\springfox-spi-2.5.0.jar;E:\maven\repository\io\springfox\springfox-core\2.5.0\springfox-core-2.5.0.jar;E:\maven\repository\io\springfox\springfox-schema\2.5.0\springfox-schema-2.5.0.jar;E:\maven\repository\io\springfox\springfox-swagger-common\2.5.0\springfox-swagger-common-2.5.0.jar;E:\maven\repository\io\springfox\springfox-spring-web\2.5.0\springfox-spring-web-2.5.0.jar;E:\maven\repository\com\fasterxml\classmate\1.3.4\classmate-1.3.4.jar;E:\maven\repository\org\slf4j\slf4j-api\1.7.25\slf4j-api-1.7.25.jar;E:\maven\repository\org\springframework\plugin\spring-plugin-core\1.2.0.RELEASE\spring-plugin-core-1.2.0.RELEASE.jar;E:\maven\repository\org\springframework\plugin\spring-plugin-metadata\1.2.0.RELEASE\spring-plugin-metadata-1.2.0.RELEASE.jar;E:\maven\repository\org\mapstruct\mapstruct\1.0.0.Final\mapstruct-1.0.0.Final.jar;E:\maven\repository\com\alibaba\fastjson\1.2.30\fastjson-1.2.30.jar;E:\maven\repository\com\google\guava\guava\24.0-jre\guava-24.0-jre.jar;E:\maven\repository\com\google\code\findbugs\jsr305\1.3.9\jsr305-1.3.9.jar;E:\maven\repository\org\checkerframework\checker-compat-qual\2.0.0\checker-compat-qual-2.0.0.jar;E:\maven\repository\com\google\errorprone\error_prone_annotations\2.1.3\error_prone_annotations-2.1.3.jar;E:\maven\repository\com\google\j2objc\j2objc-annotations\1.1\j2objc-annotations-1.1.jar;E:\maven\repository\org\codehaus\mojo\animal-sniffer-annotations\1.14\animal-sniffer-annotations-1.14.jar;E:\maven\repository\org\mybatis\spring\boot\mybatis-spring-boot-starter\1.3.1\mybatis-spring-boot-starter-1.3.1.jar;E:\maven\repository\org\springframework\boot\spring-boot-starter-jdbc\2.0.1.RELEASE\spring-boot-starter-jdbc-2.0.1.RELEASE.jar;E:\maven\repository\com\zaxxer\HikariCP\2.7.8\HikariCP-2.7.8.jar;E:\maven\repository\org\springframework\spring-jdbc\5.0.5.RELEASE\spring-jdbc-5.0.5.RELEASE.jar;E:\maven\repository\org\springframework\spring-tx\5.0.5.RELEASE\spring-tx-5.0.5.RELEASE.jar;E:\maven\repository\org\mybatis\spring\boot\mybatis-spring-boot-autoconfigure\1.3.1\mybatis-spring-boot-autoconfigure-1.3.1.jar;E:\maven\repository\org\mybatis\mybatis\3.4.5\mybatis-3.4.5.jar;E:\maven\repository\org\mybatis\mybatis-spring\1.3.1\mybatis-spring-1.3.1.jar;E:\maven\repository\com\alibaba\druid\1.0.5\druid-1.0.5.jar;E:\maven\repository\io\springfox\springfox-swagger-ui\2.5.0\springfox-swagger-ui-2.5.0.jar;"/>
    <property name="java.vm.vendor" value="Oracle Corporation"/>
    <property name="sun.arch.data.model" value="64"/>
    <property name="user.variant" value=""/>
    <property name="java.vendor.url" value="http://java.oracle.com/"/>
    <property name="user.timezone" value=""/>
    <property name="java.vm.specification.version" value="1.8"/>
    <property name="os.name" value="Windows 10"/>
    <property name="user.country" value="CN"/>
    <property name="sun.java.launcher" value="SUN_STANDARD"/>
    <property name="sun.boot.library.path" value="E:\java\jre\bin"/>
    <property name="sun.java.command" value="C:\Users\87454\AppData\Local\Temp\surefire1207612856286449480\surefirebooter5659173854161058781.jar C:\Users\87454\AppData\Local\Temp\surefire1207612856286449480 2020-07-06T11-11-20_795-jvmRun1 surefire8824371773309914994tmp surefire_04439579751232598903tmp"/>
    <property name="surefire.test.class.path" value="E:\JetBrains\IdeaProjects\CloudDriver\target\test-classes;E:\JetBrains\IdeaProjects\CloudDriver\target\classes;E:\maven\repository\org\springframework\boot\spring-boot-starter-aop\2.0.1.RELEASE\spring-boot-starter-aop-2.0.1.RELEASE.jar;E:\maven\repository\org\springframework\boot\spring-boot-starter\2.0.1.RELEASE\spring-boot-starter-2.0.1.RELEASE.jar;E:\maven\repository\org\springframework\boot\spring-boot\2.0.1.RELEASE\spring-boot-2.0.1.RELEASE.jar;E:\maven\repository\org\springframework\boot\spring-boot-autoconfigure\2.0.1.RELEASE\spring-boot-autoconfigure-2.0.1.RELEASE.jar;E:\maven\repository\org\springframework\boot\spring-boot-starter-logging\2.0.1.RELEASE\spring-boot-starter-logging-2.0.1.RELEASE.jar;E:\maven\repository\ch\qos\logback\logback-classic\1.2.3\logback-classic-1.2.3.jar;E:\maven\repository\ch\qos\logback\logback-core\1.2.3\logback-core-1.2.3.jar;E:\maven\repository\org\apache\logging\log4j\log4j-to-slf4j\2.10.0\log4j-to-slf4j-2.10.0.jar;E:\maven\repository\org\apache\logging\log4j\log4j-api\2.10.0\log4j-api-2.10.0.jar;E:\maven\repository\org\slf4j\jul-to-slf4j\1.7.25\jul-to-slf4j-1.7.25.jar;E:\maven\repository\javax\annotation\javax.annotation-api\1.3.2\javax.annotation-api-1.3.2.jar;E:\maven\repository\org\yaml\snakeyaml\1.19\snakeyaml-1.19.jar;E:\maven\repository\org\springframework\spring-aop\5.0.5.RELEASE\spring-aop-5.0.5.RELEASE.jar;E:\maven\repository\org\springframework\spring-beans\5.0.5.RELEASE\spring-beans-5.0.5.RELEASE.jar;E:\maven\repository\org\aspectj\aspectjweaver\1.8.13\aspectjweaver-1.8.13.jar;E:\maven\repository\org\springframework\boot\spring-boot-starter-web\2.0.1.RELEASE\spring-boot-starter-web-2.0.1.RELEASE.jar;E:\maven\repository\org\springframework\boot\spring-boot-starter-json\2.0.1.RELEASE\spring-boot-starter-json-2.0.1.RELEASE.jar;E:\maven\repository\com\fasterxml\jackson\datatype\jackson-datatype-jdk8\2.9.5\jackson-datatype-jdk8-2.9.5.jar;E:\maven\repository\com\fasterxml\jackson\datatype\jackson-datatype-jsr310\2.9.5\jackson-datatype-jsr310-2.9.5.jar;E:\maven\repository\com\fasterxml\jackson\module\jackson-module-parameter-names\2.9.5\jackson-module-parameter-names-2.9.5.jar;E:\maven\repository\org\springframework\boot\spring-boot-starter-tomcat\2.0.1.RELEASE\spring-boot-starter-tomcat-2.0.1.RELEASE.jar;E:\maven\repository\org\apache\tomcat\embed\tomcat-embed-core\8.5.29\tomcat-embed-core-8.5.29.jar;E:\maven\repository\org\apache\tomcat\embed\tomcat-embed-el\8.5.29\tomcat-embed-el-8.5.29.jar;E:\maven\repository\org\apache\tomcat\embed\tomcat-embed-websocket\8.5.29\tomcat-embed-websocket-8.5.29.jar;E:\maven\repository\org\hibernate\validator\hibernate-validator\6.0.9.Final\hibernate-validator-6.0.9.Final.jar;E:\maven\repository\javax\validation\validation-api\2.0.1.Final\validation-api-2.0.1.Final.jar;E:\maven\repository\org\jboss\logging\jboss-logging\3.3.2.Final\jboss-logging-3.3.2.Final.jar;E:\maven\repository\org\springframework\spring-web\5.0.5.RELEASE\spring-web-5.0.5.RELEASE.jar;E:\maven\repository\org\springframework\spring-webmvc\5.0.5.RELEASE\spring-webmvc-5.0.5.RELEASE.jar;E:\maven\repository\org\springframework\spring-context\5.0.5.RELEASE\spring-context-5.0.5.RELEASE.jar;E:\maven\repository\org\springframework\spring-expression\5.0.5.RELEASE\spring-expression-5.0.5.RELEASE.jar;E:\maven\repository\org\springframework\boot\spring-boot-starter-test\2.0.1.RELEASE\spring-boot-starter-test-2.0.1.RELEASE.jar;E:\maven\repository\org\springframework\boot\spring-boot-test\2.0.1.RELEASE\spring-boot-test-2.0.1.RELEASE.jar;E:\maven\repository\org\springframework\boot\spring-boot-test-autoconfigure\2.0.1.RELEASE\spring-boot-test-autoconfigure-2.0.1.RELEASE.jar;E:\maven\repository\com\jayway\jsonpath\json-path\2.4.0\json-path-2.4.0.jar;E:\maven\repository\net\minidev\json-smart\2.3\json-smart-2.3.jar;E:\maven\repository\net\minidev\accessors-smart\1.2\accessors-smart-1.2.jar;E:\maven\repository\org\ow2\asm\asm\5.0.4\asm-5.0.4.jar;E:\maven\repository\junit\junit\4.12\junit-4.12.jar;E:\maven\repository\org\assertj\assertj-core\3.9.1\assertj-core-3.9.1.jar;E:\maven\repository\org\mockito\mockito-core\2.15.0\mockito-core-2.15.0.jar;E:\maven\repository\net\bytebuddy\byte-buddy\1.7.11\byte-buddy-1.7.11.jar;E:\maven\repository\net\bytebuddy\byte-buddy-agent\1.7.11\byte-buddy-agent-1.7.11.jar;E:\maven\repository\org\objenesis\objenesis\2.6\objenesis-2.6.jar;E:\maven\repository\org\hamcrest\hamcrest-core\1.3\hamcrest-core-1.3.jar;E:\maven\repository\org\hamcrest\hamcrest-library\1.3\hamcrest-library-1.3.jar;E:\maven\repository\org\skyscreamer\jsonassert\1.5.0\jsonassert-1.5.0.jar;E:\maven\repository\com\vaadin\external\google\android-json\0.0.20131108.vaadin1\android-json-0.0.20131108.vaadin1.jar;E:\maven\repository\org\springframework\spring-core\5.0.5.RELEASE\spring-core-5.0.5.RELEASE.jar;E:\maven\repository\org\springframework\spring-jcl\5.0.5.RELEASE\spring-jcl-5.0.5.RELEASE.jar;E:\maven\repository\org\springframework\spring-test\5.0.5.RELEASE\spring-test-5.0.5.RELEASE.jar;E:\maven\repository\org\xmlunit\xmlunit-core\2.5.1\xmlunit-core-2.5.1.jar;E:\maven\repository\org\springframework\boot\spring-boot-starter-freemarker\2.0.1.RELEASE\spring-boot-starter-freemarker-2.0.1.RELEASE.jar;E:\maven\repository\org\freemarker\freemarker\2.3.28\freemarker-2.3.28.jar;E:\maven\repository\org\springframework\spring-context-support\5.0.5.RELEASE\spring-context-support-5.0.5.RELEASE.jar;E:\maven\repository\mysql\mysql-connector-java\5.1.46\mysql-connector-java-5.1.46.jar;E:\maven\repository\org\projectlombok\lombok\1.16.20\lombok-1.16.20.jar;E:\maven\repository\com\auth0\java-jwt\3.4.0\java-jwt-3.4.0.jar;E:\maven\repository\com\fasterxml\jackson\core\jackson-databind\2.9.5\jackson-databind-2.9.5.jar;E:\maven\repository\com\fasterxml\jackson\core\jackson-annotations\2.9.0\jackson-annotations-2.9.0.jar;E:\maven\repository\com\fasterxml\jackson\core\jackson-core\2.9.5\jackson-core-2.9.5.jar;E:\maven\repository\commons-codec\commons-codec\1.11\commons-codec-1.11.jar;E:\maven\repository\org\apache\commons\commons-email\1.5\commons-email-1.5.jar;E:\maven\repository\com\sun\mail\javax.mail\1.6.1\javax.mail-1.6.1.jar;E:\maven\repository\javax\activation\activation\1.1\activation-1.1.jar;E:\maven\repository\io\springfox\springfox-swagger2\2.5.0\springfox-swagger2-2.5.0.jar;E:\maven\repository\io\swagger\swagger-annotations\1.5.9\swagger-annotations-1.5.9.jar;E:\maven\repository\io\swagger\swagger-models\1.5.9\swagger-models-1.5.9.jar;E:\maven\repository\io\springfox\springfox-spi\2.5.0\springfox-spi-2.5.0.jar;E:\maven\repository\io\springfox\springfox-core\2.5.0\springfox-core-2.5.0.jar;E:\maven\repository\io\springfox\springfox-schema\2.5.0\springfox-schema-2.5.0.jar;E:\maven\repository\io\springfox\springfox-swagger-common\2.5.0\springfox-swagger-common-2.5.0.jar;E:\maven\repository\io\springfox\springfox-spring-web\2.5.0\springfox-spring-web-2.5.0.jar;E:\maven\repository\com\fasterxml\classmate\1.3.4\classmate-1.3.4.jar;E:\maven\repository\org\slf4j\slf4j-api\1.7.25\slf4j-api-1.7.25.jar;E:\maven\repository\org\springframework\plugin\spring-plugin-core\1.2.0.RELEASE\spring-plugin-core-1.2.0.RELEASE.jar;E:\maven\repository\org\springframework\plugin\spring-plugin-metadata\1.2.0.RELEASE\spring-plugin-metadata-1.2.0.RELEASE.jar;E:\maven\repository\org\mapstruct\mapstruct\1.0.0.Final\mapstruct-1.0.0.Final.jar;E:\maven\repository\com\alibaba\fastjson\1.2.30\fastjson-1.2.30.jar;E:\maven\repository\com\google\guava\guava\24.0-jre\guava-24.0-jre.jar;E:\maven\repository\com\google\code\findbugs\jsr305\1.3.9\jsr305-1.3.9.jar;E:\maven\repository\org\checkerframework\checker-compat-qual\2.0.0\checker-compat-qual-2.0.0.jar;E:\maven\repository\com\google\errorprone\error_prone_annotations\2.1.3\error_prone_annotations-2.1.3.jar;E:\maven\repository\com\google\j2objc\j2objc-annotations\1.1\j2objc-annotations-1.1.jar;E:\maven\repository\org\codehaus\mojo\animal-sniffer-annotations\1.14\animal-sniffer-annotations-1.14.jar;E:\maven\repository\org\mybatis\spring\boot\mybatis-spring-boot-starter\1.3.1\mybatis-spring-boot-starter-1.3.1.jar;E:\maven\repository\org\springframework\boot\spring-boot-starter-jdbc\2.0.1.RELEASE\spring-boot-starter-jdbc-2.0.1.RELEASE.jar;E:\maven\repository\com\zaxxer\HikariCP\2.7.8\HikariCP-2.7.8.jar;E:\maven\repository\org\springframework\spring-jdbc\5.0.5.RELEASE\spring-jdbc-5.0.5.RELEASE.jar;E:\maven\repository\org\springframework\spring-tx\5.0.5.RELEASE\spring-tx-5.0.5.RELEASE.jar;E:\maven\repository\org\mybatis\spring\boot\mybatis-spring-boot-autoconfigure\1.3.1\mybatis-spring-boot-autoconfigure-1.3.1.jar;E:\maven\repository\org\mybatis\mybatis\3.4.5\mybatis-3.4.5.jar;E:\maven\repository\org\mybatis\mybatis-spring\1.3.1\mybatis-spring-1.3.1.jar;E:\maven\repository\com\alibaba\druid\1.0.5\druid-1.0.5.jar;E:\maven\repository\io\springfox\springfox-swagger-ui\2.5.0\springfox-swagger-ui-2.5.0.jar;"/>
    <property name="sun.cpu.endian" value="little"/>
    <property name="user.home" value="C:\Users\87454"/>
    <property name="user.language" value="zh"/>
    <property name="java.specification.vendor" value="Oracle Corporation"/>
    <property name="java.home" value="E:\java\jre"/>
    <property name="basedir" value="E:\JetBrains\IdeaProjects\CloudDriver"/>
    <property name="file.separator" value="\"/>
    <property name="line.separator" value="&#10;"/>
    <property name="idea.version2019.2.4" value="true"/>
    <property name="java.vm.specification.vendor" value="Oracle Corporation"/>
    <property name="java.specification.name" value="Java Platform API Specification"/>
    <property name="java.awt.graphicsenv" value="sun.awt.Win32GraphicsEnvironment"/>
    <property name="surefire.real.class.path" value="C:\Users\87454\AppData\Local\Temp\surefire1207612856286449480\surefirebooter5659173854161058781.jar"/>
    <property name="sun.boot.class.path" value="E:\java\jre\lib\resources.jar;E:\java\jre\lib\rt.jar;E:\java\jre\lib\sunrsasign.jar;E:\java\jre\lib\jsse.jar;E:\java\jre\lib\jce.jar;E:\java\jre\lib\charsets.jar;E:\java\jre\lib\jfr.jar;E:\java\jre\classes"/>
    <property name="user.script" value=""/>
    <property name="sun.management.compiler" value="HotSpot 64-Bit Tiered Compilers"/>
    <property name="java.runtime.version" value="1.8.0_162-b12"/>
    <property name="user.name" value="87454"/>
    <property name="path.separator" value=";"/>
    <property name="os.version" value="10.0"/>
    <property name="java.endorsed.dirs" value="E:\java\jre\lib\endorsed"/>
    <property name="java.runtime.name" value="Java(TM) SE Runtime Environment"/>
    <property name="file.encoding" value="GBK"/>
    <property name="java.vm.name" value="Java HotSpot(TM) 64-Bit Server VM"/>
    <property name="localRepository" value="E:\maven\repository"/>
    <property name="java.vendor.url.bug" value="http://bugreport.sun.com/bugreport/"/>
    <property name="java.io.tmpdir" value="C:\Users\87454\AppData\Local\Temp\"/>
    <property name="java.version" value="1.8.0_162"/>
    <property name="user.dir" value="E:\JetBrains\IdeaProjects\CloudDriver"/>
    <property name="os.arch" value="amd64"/>
    <property name="java.vm.specification.name" value="Java Virtual Machine Specification"/>
    <property name="java.awt.printerjob" value="sun.awt.windows.WPrinterJob"/>
    <property name="sun.os.patch.level" value=""/>
    <property name="java.library.path" value="E:\java\jre\bin;C:\WINDOWS\Sun\Java\bin;C:\WINDOWS\system32;C:\WINDOWS;C:\ProgramData\Oracle\Java\javapath;C:\Program Files (x86)\Intel\iCLS Client\;C:\Program Files\Intel\iCLS Client\;C:\Windows\system32;C:\Windows;C:\Windows\System32\Wbem;C:\Windows\System32\WindowsPowerShell\v1.0\;C:\Program Files (x86)\Intel\Intel(R) Management Engine Components\DAL;C:\Program Files\Intel\Intel(R) Management Engine Components\DAL;C:\Program Files (x86)\Intel\Intel(R) Management Engine Components\IPT;C:\Program Files\Intel\Intel(R) Management Engine Components\IPT;C:\WINDOWS\system32;C:\WINDOWS;C:\WINDOWS\System32\Wbem;C:\WINDOWS\System32\WindowsPowerShell\v1.0\;C:\WINDOWS\System32\OpenSSH\;E:\java\bin;E:\dotnet\;C:\Users\87454\AppData\Local\Programs\Python\Python37\;C:\Program Files\NVIDIA Corporation\NVIDIA NvDLISR;E:\Matlab 2017a\runtime\win64;E:\Matlab 2017a\bin;C:\Program Files (x86)\NVIDIA Corporation\PhysX\Common;C:\Program Files\Microsoft\Web Platform Installer\;C:\Program Files (x86)\Microsoft ASP.NET\ASP.NET Web Pages\v1.0\;C:\Program Files (x86)\Windows Kits\8.0\Windows Performance Toolkit\;e:\Program Files (x86)\Microsoft SQL Server\100\Tools\Binn\VSShell\Common7\IDE\;e:\Program Files (x86)\Microsoft SQL Server\100\Tools\Binn\;e:\Program Files\Microsoft SQL Server\100\Tools\Binn\;e:\Program Files (x86)\Microsoft SQL Server\100\DTS\Binn\;E:\opencv\build\x64\vc11\bin;C:\Program Files (x86)\Google\Chrome\Application;E:\Tesseract-OCR;E:\Git\cmd;E:\maven\soft\apache-maven-3.3.3\bin;C:\WINDOWS\system32;C:\WINDOWS;C:\WINDOWS\System32\Wbem;C:\WINDOWS\System32\WindowsPowerShell\v1.0\;C:\WINDOWS\System32\OpenSSH\;E:\nodejs\;E:\nodejs\node_global;ERLANG_HOME\bin;E:\Anaconda3;E:\Anaconda3\Scripts;C:\Users\87454\AppData\Local\Microsoft\WindowsApps;E:\Bandizip\;E:\Microsoft VS Code\bin;C:\Users\87454\AppData\Local\Microsoft\WindowsApps;E:\nodejs\node_global;;."/>
    <property name="java.vm.info" value="mixed mode"/>
    <property name="java.vendor" value="Oracle Corporation"/>
    <property name="java.vm.version" value="25.162-b12"/>
    <property name="java.ext.dirs" value="E:\java\jre\lib\ext;C:\WINDOWS\Sun\Java\lib\ext"/>
    <property name="sun.io.unicode.encoding" value="UnicodeLittle"/>
    <property name="java.class.version" value="52.0"/>
  </properties>
  <testcase name="print" classname="org.cloud.driver.service.UserServiceTest" time="0.073"/>
</testsuite>